<?xml version="1.0" encoding="UTF-8"?>
<testsuite xmlns:xsi="http://www.w3.org/2001/XMLSchema-instance" xsi:noNamespaceSchemaLocation="https://maven.apache.org/surefire/maven-surefire-plugin/xsd/surefire-test-report-3.0.xsd" version="3.0" name="com.mashreq.meetingroom.booking.RoomBookingApplicationTests" time="3.213" tests="1" errors="0" skipped="0" failures="0">
  <properties>
[...]
</properties>
  <testcase name="contextLoads" classname="com.mashreq.meetingroom.booking.RoomBookingApplicationTests" time="0.411">
    <system-out><![CDATA[21:59:03.060 [main] INFO org.springframework.test.context.support.AnnotationConfigContextLoaderUtils -- Could not detect default configuration classes for test class [com.mashreq.meetingroom.booking.RoomBookingApplicationTests]: RoomBookingApplicationTests does not declare any static, non-private, non-final, nested classes annotated with @Configuration.
21:59:03.096 [main] INFO org.springframework.boot.test.context.SpringBootTestContextBootstrapper -- Found @SpringBootConfiguration com.mashreq.meetingroom.booking.RoomBookingApplication for test class com.mashreq.meetingroom.booking.RoomBookingApplicationTests

  .   ____          _            __ _ _
 /\\ / ___'_ __ _ _(_)_ __  __ _ \ \ \ \
( ( )\___ | '_ | '_| | '_ \/ _` | \ \ \ \
 \\/  ___)| |_)| | | | | || (_| |  ) ) ) )
  '  |____| .__|_| |_|_| |_\__, | / / / /
 =========|_|==============|___/=/_/_/_/
 :: Spring Boot ::                (v3.2.1)

2024-01-18T21:59:03.248+04:00  INFO 59134 --- [           main] c.m.m.b.RoomBookingApplicationTests      : Starting RoomBookingApplicationTests using Java 17.0.7 with PID 59134 (started by partham in /Users/partham/Downloads/room-booking)
2024-01-18T21:59:03.249+04:00  INFO 59134 --- [           main] c.m.m.b.RoomBookingApplicationTests      : No active profile set, falling back to 1 default profile: "default"
2024-01-18T21:59:03.622+04:00  INFO 59134 --- [           main] .s.d.r.c.RepositoryConfigurationDelegate : Bootstrapping Spring Data JPA repositories in DEFAULT mode.
2024-01-18T21:59:03.643+04:00  INFO 59134 --- [           main] .s.d.r.c.RepositoryConfigurationDelegate : Finished Spring Data repository scanning in 17 ms. Found 2 JPA repository interfaces.
2024-01-18T21:59:03.905+04:00  INFO 59134 --- [           main] o.hibernate.jpa.internal.util.LogHelper  : HHH000204: Processing PersistenceUnitInfo [name: default]
2024-01-18T21:59:03.927+04:00  INFO 59134 --- [           main] org.hibernate.Version                    : HHH000412: Hibernate ORM core version 6.4.1.Final
2024-01-18T21:59:03.939+04:00  INFO 59134 --- [           main] o.h.c.internal.RegionFactoryInitiator    : HHH000026: Second-level cache disabled
2024-01-18T21:59:04.023+04:00  INFO 59134 --- [           main] o.s.o.j.p.SpringPersistenceUnitInfo      : No LoadTimeWeaver setup: ignoring JPA class transformer
2024-01-18T21:59:04.033+04:00  INFO 59134 --- [           main] com.zaxxer.hikari.HikariDataSource       : HikariPool-1 - Starting...
2024-01-18T21:59:04.105+04:00  INFO 59134 --- [           main] com.zaxxer.hikari.pool.HikariPool        : HikariPool-1 - Added connection conn0: url=jdbc:h2:mem:testdb user=SA
2024-01-18T21:59:04.106+04:00  INFO 59134 --- [           main] com.zaxxer.hikari.HikariDataSource       : HikariPool-1 - Start completed.
2024-01-18T21:59:04.506+04:00  INFO 59134 --- [           main] o.h.e.t.j.p.i.JtaPlatformInitiator       : HHH000489: No JTA platform available (set 'hibernate.transaction.jta.platform' to enable JTA platform integration)
Hibernate: create table meeting_room (id integer generated by default as identity, capacity integer, commissioned boolean, location varchar(255), name varchar(255), primary key (id))
Hibernate: create table room_maintenance (id integer generated by default as identity, begin_time time(6), end_time time(6), room_id integer, primary key (id))
Hibernate: create table room_reservations (reservation_id integer generated by default as identity, begin_time time(6), booking_date date, booking_id varchar(255), end_time time(6), purpose varchar(255), room_id integer, primary key (reservation_id))
Hibernate: alter table if exists room_maintenance add constraint FKt4xgv4xhlu69m1pag1w6jxvh8 foreign key (room_id) references meeting_room
2024-01-18T21:59:04.532+04:00  INFO 59134 --- [           main] j.LocalContainerEntityManagerFactoryBean : Initialized JPA EntityManagerFactory for persistence unit 'default'
2024-01-18T21:59:04.673+04:00  INFO 59134 --- [           main] o.s.d.j.r.query.QueryEnhancerFactory     : Hibernate is in classpath; If applicable, HQL parser will be used.
2024-01-18T21:59:05.121+04:00  WARN 59134 --- [           main] JpaBaseConfiguration$JpaWebConfiguration : spring.jpa.open-in-view is enabled by default. Therefore, database queries may be performed during view rendering. Explicitly configure spring.jpa.open-in-view to disable this warning
2024-01-18T21:59:05.742+04:00  INFO 59134 --- [           main] o.s.b.a.h2.H2ConsoleAutoConfiguration    : H2 console available at '/h2-console'. Database available at 'jdbc:h2:mem:testdb'
2024-01-18T21:59:05.779+04:00  INFO 59134 --- [           main] o.s.b.a.e.web.EndpointLinksResolver      : Exposing 1 endpoint(s) beneath base path '/actuator'
2024-01-18T21:59:05.810+04:00  INFO 59134 --- [           main] c.m.m.b.RoomBookingApplicationTests      : Started RoomBookingApplicationTests in 2.663 seconds (process running for 3.094)
]]></system-out>
  </testcase>
</testsuite>